
> my-next-project@0.1.0 dev
> next dev

   â–² Next.js 14.1.4
   - Local:        http://localhost:51997
   - Environments: .env

Attention: Next.js now collects completely anonymous telemetry regarding usage.
This information is used to shape Next.js' roadmap and prioritize features.
You can learn more, including how to opt-out if you'd not like to participate in this anonymous program, by visiting the following URL:
https://nextjs.org/telemetry

 âš  Duplicate page detected. app/page.jsx and app/page.tsx resolve to /
 âš  Duplicate page detected. app/page.jsx and app/page.tsx resolve to /
 âœ“ Ready in 2.1s
Browserslist: caniuse-lite is outdated. Please run:
  npx update-browserslist-db@latest
  Why you should do it regularly: https://github.com/browserslist/update-db#readme
 â—‹ Compiling / ...
 âœ“ Compiled / in 3.9s (671 modules)
 â—‹ Compiling /favicon.ico ...
 âœ“ Compiled /favicon.ico in 579ms (336 modules)
 â—‹ Compiling /news/[slug] ...
 âœ“ Compiled /news/[slug] in 674ms (683 modules)
 â¨¯ node_modules/microcms-js-sdk/dist/esm/microcms-js-sdk.js (1:5763) @ eval
 â¨¯ Internal error: Error: fetch API response status: 404
    at eval (./node_modules/microcms-js-sdk/dist/esm/microcms-js-sdk.js:8:5797)
    at s (./node_modules/microcms-js-sdk/dist/esm/microcms-js-sdk.js:8:3773)
    at Object.eval [as next] (./node_modules/microcms-js-sdk/dist/esm/microcms-js-sdk.js:8:3064)
    at n (./node_modules/microcms-js-sdk/dist/esm/microcms-js-sdk.js:8:234)
    at a (./node_modules/microcms-js-sdk/dist/esm/microcms-js-sdk.js:8:445)
    at process.processTicksAndRejections (node:internal/process/task_queues:95:5)
null
 â¨¯ node_modules/microcms-js-sdk/dist/esm/microcms-js-sdk.js (1:5763) @ eval
 â¨¯ Internal error: Error: fetch API response status: 404
    at eval (./node_modules/microcms-js-sdk/dist/esm/microcms-js-sdk.js:8:5797)
    at s (./node_modules/microcms-js-sdk/dist/esm/microcms-js-sdk.js:8:3773)
    at Object.eval [as next] (./node_modules/microcms-js-sdk/dist/esm/microcms-js-sdk.js:8:3064)
    at n (./node_modules/microcms-js-sdk/dist/esm/microcms-js-sdk.js:8:234)
    at a (./node_modules/microcms-js-sdk/dist/esm/microcms-js-sdk.js:8:445)
    at process.processTicksAndRejections (node:internal/process/task_queues:95:5)
null
 â¨¯ node_modules/microcms-js-sdk/dist/esm/microcms-js-sdk.js (1:5763) @ eval
 â¨¯ Internal error: Error: fetch API response status: 404
    at eval (./node_modules/microcms-js-sdk/dist/esm/microcms-js-sdk.js:8:5797)
    at s (./node_modules/microcms-js-sdk/dist/esm/microcms-js-sdk.js:8:3773)
    at Object.eval [as next] (./node_modules/microcms-js-sdk/dist/esm/microcms-js-sdk.js:8:3064)
    at n (./node_modules/microcms-js-sdk/dist/esm/microcms-js-sdk.js:8:234)
    at a (./node_modules/microcms-js-sdk/dist/esm/microcms-js-sdk.js:8:445)
    at process.processTicksAndRejections (node:internal/process/task_queues:95:5)
null
 â¨¯ node_modules/microcms-js-sdk/dist/esm/microcms-js-sdk.js (1:5763) @ eval
 â¨¯ Internal error: Error: fetch API response status: 404
    at eval (./node_modules/microcms-js-sdk/dist/esm/microcms-js-sdk.js:8:5797)
    at s (./node_modules/microcms-js-sdk/dist/esm/microcms-js-sdk.js:8:3773)
    at Object.eval [as next] (./node_modules/microcms-js-sdk/dist/esm/microcms-js-sdk.js:8:3064)
    at n (./node_modules/microcms-js-sdk/dist/esm/microcms-js-sdk.js:8:234)
    at a (./node_modules/microcms-js-sdk/dist/esm/microcms-js-sdk.js:8:445)
    at process.processTicksAndRejections (node:internal/process/task_queues:95:5)
digest: "3099764581"
null
 âš  Duplicate page detected. app/page.jsx and app/page.tsx resolve to /
 âœ“ Compiled in 393ms (616 modules)
 âœ“ Compiled in 131ms (336 modules)
 âš  Duplicate page detected. app/page.jsx and app/page.tsx resolve to /
 âœ“ Compiled in 142ms (336 modules)
 âš  Duplicate page detected. app/page.jsx and app/page.tsx resolve to /
 âœ“ Compiled in 149ms (336 modules)
 âš  Duplicate page detected. app/page.jsx and app/page.tsx resolve to /
 âœ“ Compiled in 111ms (336 modules)
 âš  Duplicate page detected. app/page.jsx and app/page.tsx resolve to /
 âœ“ Compiled in 97ms (336 modules)
 âš  Duplicate page detected. app/page.jsx and app/page.tsx resolve to /
 âœ“ Compiled /favicon.ico in 275ms (366 modules)
 âœ“ Compiled /news in 467ms (682 modules)
 âœ“ Compiled /members in 467ms (712 modules)
 âš  Duplicate page detected. app/page.jsx and app/page.tsx resolve to /
 âœ“ Compiled in 346ms (365 modules)
 âš  Duplicate page detected. app/page.jsx and app/page.tsx resolve to /
 âœ“ Compiled in 707ms (662 modules)
 âœ“ Compiled /favicon.ico in 113ms (395 modules)
 âœ“ Compiled /news in 175ms (405 modules)
 â—‹ Compiling /contact ...
 âœ“ Compiled /contact in 709ms (780 modules)
 âœ“ Compiled in 187ms (429 modules)
 âœ“ Compiled / in 317ms (435 modules)
 âœ“ Compiled in 705ms (749 modules)
 âœ“ Compiled in 318ms (404 modules)
 âœ“ Compiled in 229ms (404 modules)
 âœ“ Compiled in 318ms (404 modules)
 âœ“ Compiled in 439ms (717 modules)
 âœ“ Compiled in 265ms (402 modules)
 â¨¯ app/page.tsx (41:7) @ Link
 â¨¯ ReferenceError: Link is not defined
    at Home (./app/page.tsx:66:111)
    at stringify (<anonymous>)
    at AsyncLocalStorage.run (node:async_hooks:338:14)
[0m [90m 39 |[39m [36mimport[39m [33mLink[39m [36mfrom[39m [32m"next/link"[39m[33m;[39m[0m
[0m [90m 40 |[39m [33m<[39m[33mul[39m style[33m=[39m{{ display[33m:[39m [32m"flex"[39m[33m,[39m gap[33m:[39m [32m"1em"[39m[33m,[39m justifyContent[33m:[39m [32m"center"[39m[33m,[39m margin[33m:[39m [32m"2em 0"[39m }}[33m>[39m[0m
[0m[31m[1m>[22m[39m[90m 41 |[39m   [33m<[39m[33mli[39m[33m>[39m[33m<[39m[33mLink[39m href[33m=[39m[32m"/news"[39m[33m>[39mæ¤œç´¢ç”»é¢[33m<[39m[33m/[39m[33mLink[39m[33m>[39m[33m<[39m[33m/[39m[33mli[39m[33m>[39m[0m
[0m [90m    |[39m       [31m[1m^[22m[39m[0m
[0m [90m 42 |[39m   [33m<[39m[33mli[39m[33m>[39mæŒ‡å®šå·¥äº‹åº—ã®ç™»éŒ²[33m<[39m[33m/[39m[33mli[39m[33m>[39m[0m
[0m [90m 43 |[39m   [33m<[39m[33mli[39m[33m>[39mæ¤œæº€å¯¾è±¡ã®ç™»éŒ²[33m<[39m[33m/[39m[33mli[39m[33m>[39m[0m
[0m [90m 44 |[39m [33m<[39m[33m/[39m[33mul[39m[33m>[39m[0m
 â¨¯ app/page.tsx (41:7) @ Link
 â¨¯ ReferenceError: Link is not defined
    at Home (./app/page.tsx:66:111)
    at stringify (<anonymous>)
[0m [90m 39 |[39m [36mimport[39m [33mLink[39m [36mfrom[39m [32m"next/link"[39m[33m;[39m[0m
[0m [90m 40 |[39m [33m<[39m[33mul[39m style[33m=[39m{{ display[33m:[39m [32m"flex"[39m[33m,[39m gap[33m:[39m [32m"1em"[39m[33m,[39m justifyContent[33m:[39m [32m"center"[39m[33m,[39m margin[33m:[39m [32m"2em 0"[39m }}[33m>[39m[0m
[0m[31m[1m>[22m[39m[90m 41 |[39m   [33m<[39m[33mli[39m[33m>[39m[33m<[39m[33mLink[39m href[33m=[39m[32m"/news"[39m[33m>[39mæ¤œç´¢ç”»é¢[33m<[39m[33m/[39m[33mLink[39m[33m>[39m[33m<[39m[33m/[39m[33mli[39m[33m>[39m[0m
[0m [90m    |[39m       [31m[1m^[22m[39m[0m
[0m [90m 42 |[39m   [33m<[39m[33mli[39m[33m>[39mæŒ‡å®šå·¥äº‹åº—ã®ç™»éŒ²[33m<[39m[33m/[39m[33mli[39m[33m>[39m[0m
[0m [90m 43 |[39m   [33m<[39m[33mli[39m[33m>[39mæ¤œæº€å¯¾è±¡ã®ç™»éŒ²[33m<[39m[33m/[39m[33mli[39m[33m>[39m[0m
[0m [90m 44 |[39m [33m<[39m[33m/[39m[33mul[39m[33m>[39m[0m
 â¨¯ app/page.tsx (41:7) @ Link
 â¨¯ ReferenceError: Link is not defined
    at Home (./app/page.tsx:66:111)
    at stringify (<anonymous>)
digest: "2053225643"
[0m [90m 39 |[39m [36mimport[39m [33mLink[39m [36mfrom[39m [32m"next/link"[39m[33m;[39m[0m
[0m [90m 40 |[39m [33m<[39m[33mul[39m style[33m=[39m{{ display[33m:[39m [32m"flex"[39m[33m,[39m gap[33m:[39m [32m"1em"[39m[33m,[39m justifyContent[33m:[39m [32m"center"[39m[33m,[39m margin[33m:[39m [32m"2em 0"[39m }}[33m>[39m[0m
[0m[31m[1m>[22m[39m[90m 41 |[39m   [33m<[39m[33mli[39m[33m>[39m[33m<[39m[33mLink[39m href[33m=[39m[32m"/news"[39m[33m>[39mæ¤œç´¢ç”»é¢[33m<[39m[33m/[39m[33mLink[39m[33m>[39m[33m<[39m[33m/[39m[33mli[39m[33m>[39m[0m
[0m [90m    |[39m       [31m[1m^[22m[39m[0m
[0m [90m 42 |[39m   [33m<[39m[33mli[39m[33m>[39mæŒ‡å®šå·¥äº‹åº—ã®ç™»éŒ²[33m<[39m[33m/[39m[33mli[39m[33m>[39m[0m
[0m [90m 43 |[39m   [33m<[39m[33mli[39m[33m>[39mæ¤œæº€å¯¾è±¡ã®ç™»éŒ²[33m<[39m[33m/[39m[33mli[39m[33m>[39m[0m
[0m [90m 44 |[39m [33m<[39m[33m/[39m[33mul[39m[33m>[39m[0m
 â¨¯ app/page.tsx (41:7) @ Link
 â¨¯ ReferenceError: Link is not defined
    at Home (./app/page.tsx:66:111)
    at stringify (<anonymous>)
    at AsyncLocalStorage.run (node:async_hooks:338:14)
[0m [90m 39 |[39m [36mimport[39m [33mLink[39m [36mfrom[39m [32m"next/link"[39m[33m;[39m[0m
[0m [90m 40 |[39m [33m<[39m[33mul[39m style[33m=[39m{{ display[33m:[39m [32m"flex"[39m[33m,[39m gap[33m:[39m [32m"1em"[39m[33m,[39m justifyContent[33m:[39m [32m"center"[39m[33m,[39m margin[33m:[39m [32m"2em 0"[39m }}[33m>[39m[0m
[0m[31m[1m>[22m[39m[90m 41 |[39m   [33m<[39m[33mli[39m[33m>[39m[33m<[39m[33mLink[39m href[33m=[39m[32m"/news"[39m[33m>[39mæ¤œç´¢ç”»é¢[33m<[39m[33m/[39m[33mLink[39m[33m>[39m[33m<[39m[33m/[39m[33mli[39m[33m>[39m[0m
[0m [90m    |[39m       [31m[1m^[22m[39m[0m
[0m [90m 42 |[39m   [33m<[39m[33mli[39m[33m>[39mæŒ‡å®šå·¥äº‹åº—ã®ç™»éŒ²[33m<[39m[33m/[39m[33mli[39m[33m>[39m[0m
[0m [90m 43 |[39m   [33m<[39m[33mli[39m[33m>[39mæ¤œæº€å¯¾è±¡ã®ç™»éŒ²[33m<[39m[33m/[39m[33mli[39m[33m>[39m[0m
[0m [90m 44 |[39m [33m<[39m[33m/[39m[33mul[39m[33m>[39m[0m
 â¨¯ app/page.tsx (41:7) @ Link
 â¨¯ ReferenceError: Link is not defined
    at Home (./app/page.tsx:66:111)
    at stringify (<anonymous>)
[0m [90m 39 |[39m [36mimport[39m [33mLink[39m [36mfrom[39m [32m"next/link"[39m[33m;[39m[0m
[0m [90m 40 |[39m [33m<[39m[33mul[39m style[33m=[39m{{ display[33m:[39m [32m"flex"[39m[33m,[39m gap[33m:[39m [32m"1em"[39m[33m,[39m justifyContent[33m:[39m [32m"center"[39m[33m,[39m margin[33m:[39m [32m"2em 0"[39m }}[33m>[39m[0m
[0m[31m[1m>[22m[39m[90m 41 |[39m   [33m<[39m[33mli[39m[33m>[39m[33m<[39m[33mLink[39m href[33m=[39m[32m"/news"[39m[33m>[39mæ¤œç´¢ç”»é¢[33m<[39m[33m/[39m[33mLink[39m[33m>[39m[33m<[39m[33m/[39m[33mli[39m[33m>[39m[0m
[0m [90m    |[39m       [31m[1m^[22m[39m[0m
[0m [90m 42 |[39m   [33m<[39m[33mli[39m[33m>[39mæŒ‡å®šå·¥äº‹åº—ã®ç™»éŒ²[33m<[39m[33m/[39m[33mli[39m[33m>[39m[0m
[0m [90m 43 |[39m   [33m<[39m[33mli[39m[33m>[39mæ¤œæº€å¯¾è±¡ã®ç™»éŒ²[33m<[39m[33m/[39m[33mli[39m[33m>[39m[0m
[0m [90m 44 |[39m [33m<[39m[33m/[39m[33mul[39m[33m>[39m[0m
 â¨¯ app/page.tsx (41:7) @ Link
 â¨¯ ReferenceError: Link is not defined
    at Home (./app/page.tsx:66:111)
    at stringify (<anonymous>)
digest: "2053225643"
[0m [90m 39 |[39m [36mimport[39m [33mLink[39m [36mfrom[39m [32m"next/link"[39m[33m;[39m[0m
[0m [90m 40 |[39m [33m<[39m[33mul[39m style[33m=[39m{{ display[33m:[39m [32m"flex"[39m[33m,[39m gap[33m:[39m [32m"1em"[39m[33m,[39m justifyContent[33m:[39m [32m"center"[39m[33m,[39m margin[33m:[39m [32m"2em 0"[39m }}[33m>[39m[0m
[0m[31m[1m>[22m[39m[90m 41 |[39m   [33m<[39m[33mli[39m[33m>[39m[33m<[39m[33mLink[39m href[33m=[39m[32m"/news"[39m[33m>[39mæ¤œç´¢ç”»é¢[33m<[39m[33m/[39m[33mLink[39m[33m>[39m[33m<[39m[33m/[39m[33mli[39m[33m>[39m[0m
[0m [90m    |[39m       [31m[1m^[22m[39m[0m
[0m [90m 42 |[39m   [33m<[39m[33mli[39m[33m>[39mæŒ‡å®šå·¥äº‹åº—ã®ç™»éŒ²[33m<[39m[33m/[39m[33mli[39m[33m>[39m[0m
[0m [90m 43 |[39m   [33m<[39m[33mli[39m[33m>[39mæ¤œæº€å¯¾è±¡ã®ç™»éŒ²[33m<[39m[33m/[39m[33mli[39m[33m>[39m[0m
[0m [90m 44 |[39m [33m<[39m[33m/[39m[33mul[39m[33m>[39m[0m
 â¨¯ app/page.tsx (41:7) @ Link
 â¨¯ ReferenceError: Link is not defined
    at Home (./app/page.tsx:66:111)
    at stringify (<anonymous>)
[0m [90m 39 |[39m [36mimport[39m [33mLink[39m [36mfrom[39m [32m"next/link"[39m[33m;[39m[0m
[0m [90m 40 |[39m [33m<[39m[33mul[39m style[33m=[39m{{ display[33m:[39m [32m"flex"[39m[33m,[39m gap[33m:[39m [32m"1em"[39m[33m,[39m justifyContent[33m:[39m [32m"center"[39m[33m,[39m margin[33m:[39m [32m"2em 0"[39m }}[33m>[39m[0m
[0m[31m[1m>[22m[39m[90m 41 |[39m   [33m<[39m[33mli[39m[33m>[39m[33m<[39m[33mLink[39m href[33m=[39m[32m"/news"[39m[33m>[39mæ¤œç´¢ç”»é¢[33m<[39m[33m/[39m[33mLink[39m[33m>[39m[33m<[39m[33m/[39m[33mli[39m[33m>[39m[0m
[0m [90m    |[39m       [31m[1m^[22m[39m[0m
[0m [90m 42 |[39m   [33m<[39m[33mli[39m[33m>[39mæŒ‡å®šå·¥äº‹åº—ã®ç™»éŒ²[33m<[39m[33m/[39m[33mli[39m[33m>[39m[0m
[0m [90m 43 |[39m   [33m<[39m[33mli[39m[33m>[39mæ¤œæº€å¯¾è±¡ã®ç™»éŒ²[33m<[39m[33m/[39m[33mli[39m[33m>[39m[0m
[0m [90m 44 |[39m [33m<[39m[33m/[39m[33mul[39m[33m>[39m[0m
 â¨¯ app/page.tsx (41:7) @ Link
 â¨¯ ReferenceError: Link is not defined
    at Home (./app/page.tsx:66:111)
    at stringify (<anonymous>)
digest: "2053225643"
[0m [90m 39 |[39m [36mimport[39m [33mLink[39m [36mfrom[39m [32m"next/link"[39m[33m;[39m[0m
[0m [90m 40 |[39m [33m<[39m[33mul[39m style[33m=[39m{{ display[33m:[39m [32m"flex"[39m[33m,[39m gap[33m:[39m [32m"1em"[39m[33m,[39m justifyContent[33m:[39m [32m"center"[39m[33m,[39m margin[33m:[39m [32m"2em 0"[39m }}[33m>[39m[0m
[0m[31m[1m>[22m[39m[90m 41 |[39m   [33m<[39m[33mli[39m[33m>[39m[33m<[39m[33mLink[39m href[33m=[39m[32m"/news"[39m[33m>[39mæ¤œç´¢ç”»é¢[33m<[39m[33m/[39m[33mLink[39m[33m>[39m[33m<[39m[33m/[39m[33mli[39m[33m>[39m[0m
[0m [90m    |[39m       [31m[1m^[22m[39m[0m
[0m [90m 42 |[39m   [33m<[39m[33mli[39m[33m>[39mæŒ‡å®šå·¥äº‹åº—ã®ç™»éŒ²[33m<[39m[33m/[39m[33mli[39m[33m>[39m[0m
[0m [90m 43 |[39m   [33m<[39m[33mli[39m[33m>[39mæ¤œæº€å¯¾è±¡ã®ç™»éŒ²[33m<[39m[33m/[39m[33mli[39m[33m>[39m[0m
[0m [90m 44 |[39m [33m<[39m[33m/[39m[33mul[39m[33m>[39m[0m
 â¨¯ app/page.tsx (41:7) @ Link
 â¨¯ ReferenceError: Link is not defined
    at Home (./app/page.tsx:66:111)
    at stringify (<anonymous>)
[0m [90m 39 |[39m [36mimport[39m [33mLink[39m [36mfrom[39m [32m"next/link"[39m[33m;[39m[0m
[0m [90m 40 |[39m [33m<[39m[33mul[39m style[33m=[39m{{ display[33m:[39m [32m"flex"[39m[33m,[39m gap[33m:[39m [32m"1em"[39m[33m,[39m justifyContent[33m:[39m [32m"center"[39m[33m,[39m margin[33m:[39m [32m"2em 0"[39m }}[33m>[39m[0m
[0m[31m[1m>[22m[39m[90m 41 |[39m   [33m<[39m[33mli[39m[33m>[39m[33m<[39m[33mLink[39m href[33m=[39m[32m"/news"[39m[33m>[39mæ¤œç´¢ç”»é¢[33m<[39m[33m/[39m[33mLink[39m[33m>[39m[33m<[39m[33m/[39m[33mli[39m[33m>[39m[0m
[0m [90m    |[39m       [31m[1m^[22m[39m[0m
[0m [90m 42 |[39m   [33m<[39m[33mli[39m[33m>[39mæŒ‡å®šå·¥äº‹åº—ã®ç™»éŒ²[33m<[39m[33m/[39m[33mli[39m[33m>[39m[0m
[0m [90m 43 |[39m   [33m<[39m[33mli[39m[33m>[39mæ¤œæº€å¯¾è±¡ã®ç™»éŒ²[33m<[39m[33m/[39m[33mli[39m[33m>[39m[0m
[0m [90m 44 |[39m [33m<[39m[33m/[39m[33mul[39m[33m>[39m[0m
 â¨¯ app/page.tsx (41:7) @ Link
 â¨¯ ReferenceError: Link is not defined
    at Home (./app/page.tsx:66:111)
    at stringify (<anonymous>)
digest: "2053225643"
[0m [90m 39 |[39m [36mimport[39m [33mLink[39m [36mfrom[39m [32m"next/link"[39m[33m;[39m[0m
[0m [90m 40 |[39m [33m<[39m[33mul[39m style[33m=[39m{{ display[33m:[39m [32m"flex"[39m[33m,[39m gap[33m:[39m [32m"1em"[39m[33m,[39m justifyContent[33m:[39m [32m"center"[39m[33m,[39m margin[33m:[39m [32m"2em 0"[39m }}[33m>[39m[0m
[0m[31m[1m>[22m[39m[90m 41 |[39m   [33m<[39m[33mli[39m[33m>[39m[33m<[39m[33mLink[39m href[33m=[39m[32m"/news"[39m[33m>[39mæ¤œç´¢ç”»é¢[33m<[39m[33m/[39m[33mLink[39m[33m>[39m[33m<[39m[33m/[39m[33mli[39m[33m>[39m[0m
[0m [90m    |[39m       [31m[1m^[22m[39m[0m
[0m [90m 42 |[39m   [33m<[39m[33mli[39m[33m>[39mæŒ‡å®šå·¥äº‹åº—ã®ç™»éŒ²[33m<[39m[33m/[39m[33mli[39m[33m>[39m[0m
[0m [90m 43 |[39m   [33m<[39m[33mli[39m[33m>[39mæ¤œæº€å¯¾è±¡ã®ç™»éŒ²[33m<[39m[33m/[39m[33mli[39m[33m>[39m[0m
[0m [90m 44 |[39m [33m<[39m[33m/[39m[33mul[39m[33m>[39m[0m
 â¨¯ app/page.tsx (41:7) @ Link
 â¨¯ ReferenceError: Link is not defined
    at Home (./app/page.tsx:66:111)
    at stringify (<anonymous>)
[0m [90m 39 |[39m [36mimport[39m [33mLink[39m [36mfrom[39m [32m"next/link"[39m[33m;[39m[0m
[0m [90m 40 |[39m [33m<[39m[33mul[39m style[33m=[39m{{ display[33m:[39m [32m"flex"[39m[33m,[39m gap[33m:[39m [32m"1em"[39m[33m,[39m justifyContent[33m:[39m [32m"center"[39m[33m,[39m margin[33m:[39m [32m"2em 0"[39m }}[33m>[39m[0m
[0m[31m[1m>[22m[39m[90m 41 |[39m   [33m<[39m[33mli[39m[33m>[39m[33m<[39m[33mLink[39m href[33m=[39m[32m"/news"[39m[33m>[39mæ¤œç´¢ç”»é¢[33m<[39m[33m/[39m[33mLink[39m[33m>[39m[33m<[39m[33m/[39m[33mli[39m[33m>[39m[0m
[0m [90m    |[39m       [31m[1m^[22m[39m[0m
[0m [90m 42 |[39m   [33m<[39m[33mli[39m[33m>[39mæŒ‡å®šå·¥äº‹åº—ã®ç™»éŒ²[33m<[39m[33m/[39m[33mli[39m[33m>[39m[0m
[0m [90m 43 |[39m   [33m<[39m[33mli[39m[33m>[39mæ¤œæº€å¯¾è±¡ã®ç™»éŒ²[33m<[39m[33m/[39m[33mli[39m[33m>[39m[0m
[0m [90m 44 |[39m [33m<[39m[33m/[39m[33mul[39m[33m>[39m[0m
 â¨¯ app/page.tsx (41:7) @ Link
 â¨¯ ReferenceError: Link is not defined
    at Home (./app/page.tsx:66:111)
    at stringify (<anonymous>)
digest: "2053225643"
[0m [90m 39 |[39m [36mimport[39m [33mLink[39m [36mfrom[39m [32m"next/link"[39m[33m;[39m[0m
[0m [90m 40 |[39m [33m<[39m[33mul[39m style[33m=[39m{{ display[33m:[39m [32m"flex"[39m[33m,[39m gap[33m:[39m [32m"1em"[39m[33m,[39m justifyContent[33m:[39m [32m"center"[39m[33m,[39m margin[33m:[39m [32m"2em 0"[39m }}[33m>[39m[0m
[0m[31m[1m>[22m[39m[90m 41 |[39m   [33m<[39m[33mli[39m[33m>[39m[33m<[39m[33mLink[39m href[33m=[39m[32m"/news"[39m[33m>[39mæ¤œç´¢ç”»é¢[33m<[39m[33m/[39m[33mLink[39m[33m>[39m[33m<[39m[33m/[39m[33mli[39m[33m>[39m[0m
[0m [90m    |[39m       [31m[1m^[22m[39m[0m
[0m [90m 42 |[39m   [33m<[39m[33mli[39m[33m>[39mæŒ‡å®šå·¥äº‹åº—ã®ç™»éŒ²[33m<[39m[33m/[39m[33mli[39m[33m>[39m[0m
[0m [90m 43 |[39m   [33m<[39m[33mli[39m[33m>[39mæ¤œæº€å¯¾è±¡ã®ç™»éŒ²[33m<[39m[33m/[39m[33mli[39m[33m>[39m[0m
[0m [90m 44 |[39m [33m<[39m[33m/[39m[33mul[39m[33m>[39m[0m
 â¨¯ app/page.tsx (41:7) @ Link
 â¨¯ ReferenceError: Link is not defined
    at Home (./app/page.tsx:66:111)
    at stringify (<anonymous>)
[0m [90m 39 |[39m [36mimport[39m [33mLink[39m [36mfrom[39m [32m"next/link"[39m[33m;[39m[0m
[0m [90m 40 |[39m [33m<[39m[33mul[39m style[33m=[39m{{ display[33m:[39m [32m"flex"[39m[33m,[39m gap[33m:[39m [32m"1em"[39m[33m,[39m justifyContent[33m:[39m [32m"center"[39m[33m,[39m margin[33m:[39m [32m"2em 0"[39m }}[33m>[39m[0m
[0m[31m[1m>[22m[39m[90m 41 |[39m   [33m<[39m[33mli[39m[33m>[39m[33m<[39m[33mLink[39m href[33m=[39m[32m"/news"[39m[33m>[39mæ¤œç´¢ç”»é¢[33m<[39m[33m/[39m[33mLink[39m[33m>[39m[33m<[39m[33m/[39m[33mli[39m[33m>[39m[0m
[0m [90m    |[39m       [31m[1m^[22m[39m[0m
[0m [90m 42 |[39m   [33m<[39m[33mli[39m[33m>[39mæŒ‡å®šå·¥äº‹åº—ã®ç™»éŒ²[33m<[39m[33m/[39m[33mli[39m[33m>[39m[0m
[0m [90m 43 |[39m   [33m<[39m[33mli[39m[33m>[39mæ¤œæº€å¯¾è±¡ã®ç™»éŒ²[33m<[39m[33m/[39m[33mli[39m[33m>[39m[0m
[0m [90m 44 |[39m [33m<[39m[33m/[39m[33mul[39m[33m>[39m[0m
 â¨¯ app/page.tsx (41:7) @ Link
 â¨¯ ReferenceError: Link is not defined
    at Home (./app/page.tsx:66:111)
    at stringify (<anonymous>)
digest: "2053225643"
[0m [90m 39 |[39m [36mimport[39m [33mLink[39m [36mfrom[39m [32m"next/link"[39m[33m;[39m[0m
[0m [90m 40 |[39m [33m<[39m[33mul[39m style[33m=[39m{{ display[33m:[39m [32m"flex"[39m[33m,[39m gap[33m:[39m [32m"1em"[39m[33m,[39m justifyContent[33m:[39m [32m"center"[39m[33m,[39m margin[33m:[39m [32m"2em 0"[39m }}[33m>[39m[0m
[0m[31m[1m>[22m[39m[90m 41 |[39m   [33m<[39m[33mli[39m[33m>[39m[33m<[39m[33mLink[39m href[33m=[39m[32m"/news"[39m[33m>[39mæ¤œç´¢ç”»é¢[33m<[39m[33m/[39m[33mLink[39m[33m>[39m[33m<[39m[33m/[39m[33mli[39m[33m>[39m[0m
[0m [90m    |[39m       [31m[1m^[22m[39m[0m
[0m [90m 42 |[39m   [33m<[39m[33mli[39m[33m>[39mæŒ‡å®šå·¥äº‹åº—ã®ç™»éŒ²[33m<[39m[33m/[39m[33mli[39m[33m>[39m[0m
[0m [90m 43 |[39m   [33m<[39m[33mli[39m[33m>[39mæ¤œæº€å¯¾è±¡ã®ç™»éŒ²[33m<[39m[33m/[39m[33mli[39m[33m>[39m[0m
[0m [90m 44 |[39m [33m<[39m[33m/[39m[33mul[39m[33m>[39m[0m
 â¨¯ app/page.tsx (41:7) @ Link
 â¨¯ ReferenceError: Link is not defined
    at Home (./app/page.tsx:66:111)
    at stringify (<anonymous>)
[0m [90m 39 |[39m [36mimport[39m [33mLink[39m [36mfrom[39m [32m"next/link"[39m[33m;[39m[0m
[0m [90m 40 |[39m [33m<[39m[33mul[39m style[33m=[39m{{ display[33m:[39m [32m"flex"[39m[33m,[39m gap[33m:[39m [32m"1em"[39m[33m,[39m justifyContent[33m:[39m [32m"center"[39m[33m,[39m margin[33m:[39m [32m"2em 0"[39m }}[33m>[39m[0m
[0m[31m[1m>[22m[39m[90m 41 |[39m   [33m<[39m[33mli[39m[33m>[39m[33m<[39m[33mLink[39m href[33m=[39m[32m"/news"[39m[33m>[39mæ¤œç´¢ç”»é¢[33m<[39m[33m/[39m[33mLink[39m[33m>[39m[33m<[39m[33m/[39m[33mli[39m[33m>[39m[0m
[0m [90m    |[39m       [31m[1m^[22m[39m[0m
[0m [90m 42 |[39m   [33m<[39m[33mli[39m[33m>[39mæŒ‡å®šå·¥äº‹åº—ã®ç™»éŒ²[33m<[39m[33m/[39m[33mli[39m[33m>[39m[0m
[0m [90m 43 |[39m   [33m<[39m[33mli[39m[33m>[39mæ¤œæº€å¯¾è±¡ã®ç™»éŒ²[33m<[39m[33m/[39m[33mli[39m[33m>[39m[0m
[0m [90m 44 |[39m [33m<[39m[33m/[39m[33mul[39m[33m>[39m[0m
 â¨¯ app/page.tsx (41:7) @ Link
 â¨¯ ReferenceError: Link is not defined
    at Home (./app/page.tsx:66:111)
    at stringify (<anonymous>)
digest: "2053225643"
[0m [90m 39 |[39m [36mimport[39m [33mLink[39m [36mfrom[39m [32m"next/link"[39m[33m;[39m[0m
[0m [90m 40 |[39m [33m<[39m[33mul[39m style[33m=[39m{{ display[33m:[39m [32m"flex"[39m[33m,[39m gap[33m:[39m [32m"1em"[39m[33m,[39m justifyContent[33m:[39m [32m"center"[39m[33m,[39m margin[33m:[39m [32m"2em 0"[39m }}[33m>[39m[0m
[0m[31m[1m>[22m[39m[90m 41 |[39m   [33m<[39m[33mli[39m[33m>[39m[33m<[39m[33mLink[39m href[33m=[39m[32m"/news"[39m[33m>[39mæ¤œç´¢ç”»é¢[33m<[39m[33m/[39m[33mLink[39m[33m>[39m[33m<[39m[33m/[39m[33mli[39m[33m>[39m[0m
[0m [90m    |[39m       [31m[1m^[22m[39m[0m
[0m [90m 42 |[39m   [33m<[39m[33mli[39m[33m>[39mæŒ‡å®šå·¥äº‹åº—ã®ç™»éŒ²[33m<[39m[33m/[39m[33mli[39m[33m>[39m[0m
[0m [90m 43 |[39m   [33m<[39m[33mli[39m[33m>[39mæ¤œæº€å¯¾è±¡ã®ç™»éŒ²[33m<[39m[33m/[39m[33mli[39m[33m>[39m[0m
[0m [90m 44 |[39m [33m<[39m[33m/[39m[33mul[39m[33m>[39m[0m
 â¨¯ app/page.tsx (41:7) @ Link
 â¨¯ ReferenceError: Link is not defined
    at Home (./app/page.tsx:66:111)
    at stringify (<anonymous>)
[0m [90m 39 |[39m [36mimport[39m [33mLink[39m [36mfrom[39m [32m"next/link"[39m[33m;[39m[0m
[0m [90m 40 |[39m [33m<[39m[33mul[39m style[33m=[39m{{ display[33m:[39m [32m"flex"[39m[33m,[39m gap[33m:[39m [32m"1em"[39m[33m,[39m justifyContent[33m:[39m [32m"center"[39m[33m,[39m margin[33m:[39m [32m"2em 0"[39m }}[33m>[39m[0m
[0m[31m[1m>[22m[39m[90m 41 |[39m   [33m<[39m[33mli[39m[33m>[39m[33m<[39m[33mLink[39m href[33m=[39m[32m"/news"[39m[33m>[39mæ¤œç´¢ç”»é¢[33m<[39m[33m/[39m[33mLink[39m[33m>[39m[33m<[39m[33m/[39m[33mli[39m[33m>[39m[0m
[0m [90m    |[39m       [31m[1m^[22m[39m[0m
[0m [90m 42 |[39m   [33m<[39m[33mli[39m[33m>[39mæŒ‡å®šå·¥äº‹åº—ã®ç™»éŒ²[33m<[39m[33m/[39m[33mli[39m[33m>[39m[0m
[0m [90m 43 |[39m   [33m<[39m[33mli[39m[33m>[39mæ¤œæº€å¯¾è±¡ã®ç™»éŒ²[33m<[39m[33m/[39m[33mli[39m[33m>[39m[0m
[0m [90m 44 |[39m [33m<[39m[33m/[39m[33mul[39m[33m>[39m[0m
 â¨¯ app/page.tsx (41:7) @ Link
 â¨¯ ReferenceError: Link is not defined
    at Home (./app/page.tsx:66:111)
    at stringify (<anonymous>)
digest: "2053225643"
[0m [90m 39 |[39m [36mimport[39m [33mLink[39m [36mfrom[39m [32m"next/link"[39m[33m;[39m[0m
[0m [90m 40 |[39m [33m<[39m[33mul[39m style[33m=[39m{{ display[33m:[39m [32m"flex"[39m[33m,[39m gap[33m:[39m [32m"1em"[39m[33m,[39m justifyContent[33m:[39m [32m"center"[39m[33m,[39m margin[33m:[39m [32m"2em 0"[39m }}[33m>[39m[0m
[0m[31m[1m>[22m[39m[90m 41 |[39m   [33m<[39m[33mli[39m[33m>[39m[33m<[39m[33mLink[39m href[33m=[39m[32m"/news"[39m[33m>[39mæ¤œç´¢ç”»é¢[33m<[39m[33m/[39m[33mLink[39m[33m>[39m[33m<[39m[33m/[39m[33mli[39m[33m>[39m[0m
[0m [90m    |[39m       [31m[1m^[22m[39m[0m
[0m [90m 42 |[39m   [33m<[39m[33mli[39m[33m>[39mæŒ‡å®šå·¥äº‹åº—ã®ç™»éŒ²[33m<[39m[33m/[39m[33mli[39m[33m>[39m[0m
[0m [90m 43 |[39m   [33m<[39m[33mli[39m[33m>[39mæ¤œæº€å¯¾è±¡ã®ç™»éŒ²[33m<[39m[33m/[39m[33mli[39m[33m>[39m[0m
[0m [90m 44 |[39m [33m<[39m[33m/[39m[33mul[39m[33m>[39m[0m
 â¨¯ app/page.tsx (41:7) @ Link
 â¨¯ ReferenceError: Link is not defined
    at Home (./app/page.tsx:66:111)
    at stringify (<anonymous>)
[0m [90m 39 |[39m [36mimport[39m [33mLink[39m [36mfrom[39m [32m"next/link"[39m[33m;[39m[0m
[0m [90m 40 |[39m [33m<[39m[33mul[39m style[33m=[39m{{ display[33m:[39m [32m"flex"[39m[33m,[39m gap[33m:[39m [32m"1em"[39m[33m,[39m justifyContent[33m:[39m [32m"center"[39m[33m,[39m margin[33m:[39m [32m"2em 0"[39m }}[33m>[39m[0m
[0m[31m[1m>[22m[39m[90m 41 |[39m   [33m<[39m[33mli[39m[33m>[39m[33m<[39m[33mLink[39m href[33m=[39m[32m"/news"[39m[33m>[39mæ¤œç´¢ç”»é¢[33m<[39m[33m/[39m[33mLink[39m[33m>[39m[33m<[39m[33m/[39m[33mli[39m[33m>[39m[0m
[0m [90m    |[39m       [31m[1m^[22m[39m[0m
[0m [90m 42 |[39m   [33m<[39m[33mli[39m[33m>[39mæŒ‡å®šå·¥äº‹åº—ã®ç™»éŒ²[33m<[39m[33m/[39m[33mli[39m[33m>[39m[0m
[0m [90m 43 |[39m   [33m<[39m[33mli[39m[33m>[39mæ¤œæº€å¯¾è±¡ã®ç™»éŒ²[33m<[39m[33m/[39m[33mli[39m[33m>[39m[0m
[0m [90m 44 |[39m [33m<[39m[33m/[39m[33mul[39m[33m>[39m[0m
 â¨¯ app/page.tsx (41:7) @ Link
 â¨¯ ReferenceError: Link is not defined
    at Home (./app/page.tsx:66:111)
    at stringify (<anonymous>)
digest: "2053225643"
[0m [90m 39 |[39m [36mimport[39m [33mLink[39m [36mfrom[39m [32m"next/link"[39m[33m;[39m[0m
[0m [90m 40 |[39m [33m<[39m[33mul[39m style[33m=[39m{{ display[33m:[39m [32m"flex"[39m[33m,[39m gap[33m:[39m [32m"1em"[39m[33m,[39m justifyContent[33m:[39m [32m"center"[39m[33m,[39m margin[33m:[39m [32m"2em 0"[39m }}[33m>[39m[0m
[0m[31m[1m>[22m[39m[90m 41 |[39m   [33m<[39m[33mli[39m[33m>[39m[33m<[39m[33mLink[39m href[33m=[39m[32m"/news"[39m[33m>[39mæ¤œç´¢ç”»é¢[33m<[39m[33m/[39m[33mLink[39m[33m>[39m[33m<[39m[33m/[39m[33mli[39m[33m>[39m[0m
[0m [90m    |[39m       [31m[1m^[22m[39m[0m
[0m [90m 42 |[39m   [33m<[39m[33mli[39m[33m>[39mæŒ‡å®šå·¥äº‹åº—ã®ç™»éŒ²[33m<[39m[33m/[39m[33mli[39m[33m>[39m[0m
[0m [90m 43 |[39m   [33m<[39m[33mli[39m[33m>[39mæ¤œæº€å¯¾è±¡ã®ç™»éŒ²[33m<[39m[33m/[39m[33mli[39m[33m>[39m[0m
[0m [90m 44 |[39m [33m<[39m[33m/[39m[33mul[39m[33m>[39m[0m
 â¨¯ app/page.tsx (41:7) @ Link
 â¨¯ ReferenceError: Link is not defined
    at Home (./app/page.tsx:66:111)
    at stringify (<anonymous>)
[0m [90m 39 |[39m [36mimport[39m [33mLink[39m [36mfrom[39m [32m"next/link"[39m[33m;[39m[0m
[0m [90m 40 |[39m [33m<[39m[33mul[39m style[33m=[39m{{ display[33m:[39m [32m"flex"[39m[33m,[39m gap[33m:[39m [32m"1em"[39m[33m,[39m justifyContent[33m:[39m [32m"center"[39m[33m,[39m margin[33m:[39m [32m"2em 0"[39m }}[33m>[39m[0m
[0m[31m[1m>[22m[39m[90m 41 |[39m   [33m<[39m[33mli[39m[33m>[39m[33m<[39m[33mLink[39m href[33m=[39m[32m"/news"[39m[33m>[39mæ¤œç´¢ç”»é¢[33m<[39m[33m/[39m[33mLink[39m[33m>[39m[33m<[39m[33m/[39m[33mli[39m[33m>[39m[0m
[0m [90m    |[39m       [31m[1m^[22m[39m[0m
[0m [90m 42 |[39m   [33m<[39m[33mli[39m[33m>[39mæŒ‡å®šå·¥äº‹åº—ã®ç™»éŒ²[33m<[39m[33m/[39m[33mli[39m[33m>[39m[0m
[0m [90m 43 |[39m   [33m<[39m[33mli[39m[33m>[39mæ¤œæº€å¯¾è±¡ã®ç™»éŒ²[33m<[39m[33m/[39m[33mli[39m[33m>[39m[0m
[0m [90m 44 |[39m [33m<[39m[33m/[39m[33mul[39m[33m>[39m[0m
 â¨¯ app/page.tsx (41:7) @ Link
 â¨¯ ReferenceError: Link is not defined
    at Home (./app/page.tsx:66:111)
    at stringify (<anonymous>)
digest: "2053225643"
[0m [90m 39 |[39m [36mimport[39m [33mLink[39m [36mfrom[39m [32m"next/link"[39m[33m;[39m[0m
[0m [90m 40 |[39m [33m<[39m[33mul[39m style[33m=[39m{{ display[33m:[39m [32m"flex"[39m[33m,[39m gap[33m:[39m [32m"1em"[39m[33m,[39m justifyContent[33m:[39m [32m"center"[39m[33m,[39m margin[33m:[39m [32m"2em 0"[39m }}[33m>[39m[0m
[0m[31m[1m>[22m[39m[90m 41 |[39m   [33m<[39m[33mli[39m[33m>[39m[33m<[39m[33mLink[39m href[33m=[39m[32m"/news"[39m[33m>[39mæ¤œç´¢ç”»é¢[33m<[39m[33m/[39m[33mLink[39m[33m>[39m[33m<[39m[33m/[39m[33mli[39m[33m>[39m[0m
[0m [90m    |[39m       [31m[1m^[22m[39m[0m
[0m [90m 42 |[39m   [33m<[39m[33mli[39m[33m>[39mæŒ‡å®šå·¥äº‹åº—ã®ç™»éŒ²[33m<[39m[33m/[39m[33mli[39m[33m>[39m[0m
[0m [90m 43 |[39m   [33m<[39m[33mli[39m[33m>[39mæ¤œæº€å¯¾è±¡ã®ç™»éŒ²[33m<[39m[33m/[39m[33mli[39m[33m>[39m[0m
[0m [90m 44 |[39m [33m<[39m[33m/[39m[33mul[39m[33m>[39m[0m
 âœ“ Compiled in 616ms (717 modules)
 âš  Fast Refresh had to perform a full reload due to a runtime error.
 âš  Fast Refresh had to perform a full reload due to a runtime error.
 âœ“ Compiled /favicon.ico in 219ms (432 modules)
 âœ“ Compiled /news in 433ms (759 modules)
 âš  Fast Refresh had to perform a full reload when app/_components/Pagination/index.module.css, app/_components/NewsList/index.module.css, app/_components/Category/index.module.css, app/_components/Date/index.module.css, app/_components/SearchField/index.tsx changed. Read more: https://nextjs.org/docs/messages/fast-refresh-reload
 âœ“ Compiled in 1024ms (759 modules)
 âœ“ Compiled in 163ms (414 modules)
 âœ“ Compiled /favicon.ico in 110ms (444 modules)
 âœ“ Compiled in 460ms (729 modules)
 âœ“ Compiled in 486ms (729 modules)
 âœ“ Compiled /favicon.ico in 266ms (444 modules)
 âœ“ Compiled in 562ms (759 modules)
 âœ“ Compiled in 250ms (414 modules)
 âœ“ Compiled /favicon.ico in 121ms (444 modules)
 âœ“ Compiled in 219ms (444 modules)
 âœ“ Compiled in 474ms (708 modules)
 âœ“ Compiled /not-found in 0ms (402 modules)
 âœ“ Compiled in 1ms (404 modules)
 âœ“ Compiled /favicon.ico in 260ms (434 modules)
 âœ“ Compiled in 198ms (434 modules)
 âœ“ Compiled /search in 375ms (746 modules)
 âœ“ Compiled in 625ms (710 modules)
 âš  Fast Refresh had to perform a full reload. Read more: https://nextjs.org/docs/messages/fast-refresh-reload
 âœ“ Compiled in 486ms (681 modules)
 âœ“ Compiled in 599ms (691 modules)
 âš  Fast Refresh had to perform a full reload. Read more: https://nextjs.org/docs/messages/fast-refresh-reload
 âœ“ Compiled /favicon.ico in 119ms (403 modules)
 âœ“ Compiled in 355ms (721 modules)
 âš  Fast Refresh had to perform a full reload. Read more: https://nextjs.org/docs/messages/fast-refresh-reload
 âœ“ Compiled in 420ms (721 modules)
 âœ“ Compiled in 179ms (721 modules)
 âš  Fast Refresh had to perform a full reload. Read more: https://nextjs.org/docs/messages/fast-refresh-reload
 âœ“ Compiled in 283ms (721 modules)
 âœ“ Compiled in 614ms (681 modules)
 âš  Fast Refresh had to perform a full reload. Read more: https://nextjs.org/docs/messages/fast-refresh-reload
 âœ“ Compiled /favicon.ico in 119ms (403 modules)
 âœ“ Compiled in 437ms (681 modules)
 âœ“ Compiled in 414ms (681 modules)
 âœ“ Compiled /favicon.ico in 439ms (403 modules)
 â¨¯ ./app/search/layout.tsx
Error: 
  [31mx[0m You are attempting to export "metadata" from a component marked with "use client", which is disallowed. Either remove the export, or the "use client" directive. Read more: https://nextjs.org/
  [31m|[0m docs/getting-started/react-essentials#the-use-client-directive
  [31m|[0m 
  [31m|[0m 
   ,-[[36;1;4m/workspace/pasad23/app/search/layout.tsx[0m:4:1]
 [2m4[0m | import Hero from '@/app/_components/Hero';
 [2m5[0m | import Sheet from '@/app/_components/Sheet';
 [2m6[0m | 
 [2m7[0m | export const metadata = {
   : [31;1m             ^^^^^^^^[0m
 [2m8[0m |   title: 'æ¤œç´¢ç”»é¢',
 [2m9[0m | };
   `----

Import trace for requested module:
./app/search/layout.tsx
 â—‹ Compiling /_error ...
 â¨¯ ./app/search/layout.tsx
Error: 
  [31mx[0m You are attempting to export "metadata" from a component marked with "use client", which is disallowed. Either remove the export, or the "use client" directive. Read more: https://nextjs.org/
  [31m|[0m docs/getting-started/react-essentials#the-use-client-directive
  [31m|[0m 
  [31m|[0m 
   ,-[[36;1;4m/workspace/pasad23/app/search/layout.tsx[0m:4:1]
 [2m4[0m | import Hero from '@/app/_components/Hero';
 [2m5[0m | import Sheet from '@/app/_components/Sheet';
 [2m6[0m | 
 [2m7[0m | export const metadata = {
   : [31;1m             ^^^^^^^^[0m
 [2m8[0m |   title: 'æ¤œç´¢ç”»é¢',
 [2m9[0m | };
   `----

Import trace for requested module:
./app/search/layout.tsx
 âœ“ Compiled /_error in 712ms (883 modules)
 âœ“ Compiled /not-found in 292ms (451 modules)
 âš  Fast Refresh had to perform a full reload due to a runtime error.
 âš  Fast Refresh had to perform a full reload due to a runtime error.
 âœ“ Compiled in 681ms (843 modules)
 âœ“ Compiled /favicon.ico in 355ms (442 modules)
