
> app@0.1.0 dev
> next dev -p 54259

   ▲ Next.js 15.0.3
   - Local:        http://localhost:54259

 ✓ Starting...
 ✓ Ready in 1520ms
 ○ Compiling / ...
(node:1423) [DEP0040] DeprecationWarning: The `punycode` module is deprecated. Please use a userland alternative instead.
(Use `node --trace-deprecation ...` to show where the warning was created)
Browserslist: caniuse-lite is outdated. Please run:
  npx update-browserslist-db@latest
  Why you should do it regularly: https://github.com/browserslist/update-db#readme
 ✓ Compiled / in 6s (1376 modules)
 ✓ Compiled in 645ms (642 modules)
 GET / 200 in 6726ms
 GET / 200 in 93ms
 GET / 200 in 34ms
 GET / 200 in 31ms
 GET / 200 in 36ms
 GET / 200 in 38ms
 ✓ Compiled /favicon.ico in 440ms (731 modules)
 GET /favicon.ico 200 in 550ms
 GET /favicon.ico 200 in 12ms
 ✓ Compiled /more in 327ms (1369 modules)
 GET /more 200 in 438ms
 GET / 200 in 33ms
 GET / 200 in 154ms
 GET / 200 in 37ms
 GET / 200 in 49ms
 GET / 200 in 78ms
 GET / 200 in 37ms
 GET / 200 in 34ms
 GET / 200 in 37ms
 GET / 200 in 34ms
 GET / 200 in 36ms
 GET / 200 in 34ms
 GET / 200 in 35ms
 GET / 200 in 35ms
 GET / 200 in 34ms
 GET / 200 in 32ms
 GET / 200 in 31ms
 GET / 200 in 28ms
 GET / 200 in 118ms
 GET / 200 in 103ms
 GET / 200 in 28ms
 GET / 200 in 34ms
 GET / 200 in 31ms
 GET / 200 in 27ms
 GET / 200 in 26ms
 GET / 200 in 46ms
 GET / 200 in 36ms
 GET / 200 in 35ms
 GET / 200 in 32ms
 GET / 200 in 33ms
 GET / 200 in 36ms
 GET / 200 in 33ms
 GET / 200 in 30ms
 GET / 200 in 31ms
 GET / 200 in 33ms
 GET / 200 in 51ms
 GET / 200 in 53ms
 GET / 200 in 41ms
 GET / 200 in 254ms
 GET / 200 in 39ms
 GET / 200 in 108ms
 GET / 200 in 38ms
 GET / 200 in 32ms
 GET / 200 in 41ms
 GET / 200 in 36ms
 GET / 200 in 35ms
 GET / 200 in 32ms
 GET / 200 in 29ms
 GET / 200 in 30ms
 GET / 200 in 30ms
 GET / 200 in 38ms
 GET / 200 in 31ms
 GET / 200 in 30ms
 GET / 200 in 33ms
 GET / 200 in 29ms
 GET / 200 in 29ms
 GET / 200 in 30ms
 GET / 200 in 29ms
 GET / 200 in 30ms
 GET / 200 in 32ms
 GET / 200 in 33ms
 GET / 200 in 51ms
 GET / 200 in 30ms
 GET / 200 in 33ms
 GET / 200 in 69ms
 GET / 200 in 34ms
 GET / 200 in 39ms
 GET / 200 in 31ms
 GET / 200 in 28ms
 GET / 200 in 31ms
 GET / 200 in 30ms
 GET / 200 in 28ms
 GET / 200 in 29ms
 GET / 200 in 36ms
 GET / 200 in 51ms
 GET / 200 in 30ms
 GET / 200 in 69ms
 GET / 200 in 33ms
 GET / 200 in 63ms
 GET / 200 in 121ms
 GET / 200 in 35ms
 GET / 200 in 33ms
 GET / 200 in 33ms
 GET / 200 in 33ms
 GET / 200 in 33ms
 GET / 200 in 32ms
 GET / 200 in 30ms
