
> dev
> next dev --turbopack -p 57606

   ▲ Next.js 15.5.2 (Turbopack)
   - Local:        http://localhost:57606
   - Network:      http://172.17.0.4:57606

 ✓ Starting...
Attention: Next.js now collects completely anonymous telemetry regarding usage.
This information is used to shape Next.js' roadmap and prioritize features.
You can learn more, including how to opt-out if you'd not like to participate in this anonymous program, by visiting the following URL:
https://nextjs.org/telemetry


   We detected TypeScript in your project and reconfigured your tsconfig.json file for you. Strict-mode is set to false by default.
   The following mandatory changes were made to your tsconfig.json:

   	- jsx was set to preserve (next.js implements its own optimized jsx transform)

 ✓ Ready in 1216ms
 ○ Compiling / ...
 ✓ Compiled / in 2.5s
 GET / 200 in 2845ms
 GET / 200 in 129ms
 GET / 200 in 89ms
 GET / 200 in 109ms
 GET / 200 in 100ms
 GET / 200 in 110ms
 GET / 200 in 101ms
 GET / 200 in 103ms
 GET / 200 in 110ms
 GET / 200 in 98ms
 GET / 200 in 93ms
 GET / 200 in 85ms
 GET / 200 in 83ms
 GET / 200 in 82ms
 GET / 200 in 183ms
 GET / 200 in 91ms
 GET / 200 in 101ms
 GET / 200 in 96ms
 GET / 200 in 87ms

-----
[1m[31mFATAL[39m[0m: An unexpected Turbopack error occurred. A panic log has been written to /tmp/next-panic-3ce35876d54f4ef207df0252f7be8883.log.

To help make Turbopack better, report this error by clicking here: https://github.com/vercel/next.js/discussions/new?category=turbopack-error-report&title=Turbopack%20Error%3A%20Next.js%20package%20not%20found&body=Turbopack%20version%3A%20%60eac0b00d%60%0ANext.js%20version%3A%20%600.0.0%60%0A%0AError%20message%3A%0A%60%60%60%0ATurbopack%20Error%3A%20Next.js%20package%20not%20found%0A%60%60%60&labels=Turbopack,Turbopack%20Panic%20Backtrace
-----

Error [TurbopackInternalError]: Next.js package not found

Debug info:
- Execution of get_entrypoints_with_issues_operation failed
- Execution of EntrypointsOperation::new failed
- Execution of Project::entrypoints failed
- Execution of PagesProject::routes failed
- Execution of get_pages_structure_for_root_directory failed
- Execution of get_next_package failed
- Next.js package not found
    at <unknown> (TurbopackInternalError: Next.js package not found) {
  location: undefined
}
[?25h
